астрология
парапсихология
эзотерика
бизнес
коммерция
экономика
финансы
дом и домашнее хозяйство
досуг
зрелища и развлечения
здоровье и медицина
искусство и культура
криминал
музыка
образование
политика и общественная жизнь
путешествия
религия
спорт
частная жизнь
наука и технологии
естественные науки
астрономия
биология
информатика
математика
физика
химия
прикладные науки
промышленность
техника
гуманитарные науки
искусствоведение
история
культурология
право
психология
филология
философия